Arguments: 
  C:\Program Files\nodejs\node.exe C:\Program Files (x86)\Yarn\bin\yarn.js publish

PATH: 
  C:\Program Files (x86)\Common Files\Oracle\Java\javapath;C:\WINDOWS\system32;C:\WINDOWS;C:\WINDOWS\System32\Wbem;C:\WINDOWS\System32\WindowsPowerShell\v1.0\;C:\WINDOWS\System32\OpenSSH\;C:\Program Files (x86)\Intel\Intel(R) Management Engine Components\DAL;C:\Program Files\Intel\Intel(R) Management Engine Components\DAL;C:\Program Files\Git\cmd;D:\os\flutter\bin;D:\soft\Android\Sdk;D:\soft\Android\Sdk\platform-tools;D:\os\flutter\.pub-cache\bin;D:\os\flutter\bin\cache\dart-sdk\bin;C:\Program Files\TortoiseGit\bin;C:\Users\wanz\AppData\Roaming\Pub\Cache\bin;C:\Go\bin;C:\Program Files (x86)\Yarn\bin\;C:\Program Files\nodejs\;C:\Users\wanz\AppData\Local\Microsoft\WindowsApps;C:\Users\wanz\AppData\Local\Programs\Microsoft VS Code\bin;C:\Program Files\Docker Toolbox;C:\Users\wanz\AppData\Local\BypassRuntm;C:\Users\wanz\AppData\Local\Programs\Fiddler;C:\Users\wanz\go\bin;C:\Users\wanz\AppData\Local\Microsoft\WindowsApps;C:\Users\wanz\AppData\Local\Yarn\bin;C:\Users\wanz\AppData\Roaming\npm

Yarn version: 
  1.22.4

Node version: 
  14.7.0

Platform: 
  win32 x64

Trace: 
  Error: https://registry.npm.taobao.org/-/user/org.couchdb.user:wdaglb: [conflict] User wdaglb already exists
      at Request.params.callback [as _callback] (C:\Program Files (x86)\Yarn\lib\cli.js:66096:18)
      at Request.self.callback (C:\Program Files (x86)\Yarn\lib\cli.js:140748:22)
      at Request.emit (events.js:314:20)
      at Request.<anonymous> (C:\Program Files (x86)\Yarn\lib\cli.js:141720:10)
      at Request.emit (events.js:314:20)
      at IncomingMessage.<anonymous> (C:\Program Files (x86)\Yarn\lib\cli.js:141642:12)
      at Object.onceWrapper (events.js:420:28)
      at IncomingMessage.emit (events.js:326:22)
      at endReadableNT (_stream_readable.js:1244:12)
      at processTicksAndRejections (internal/process/task_queues.js:80:21)

npm manifest: 
  {
    "name": "@wdaglb/queue",
    "version": "1.0.0",
    "main": "./dist/queue.js",
    "license": "MIT",
    "scripts": {
      "build": "tsc"
    },
    "devDependencies": {
      "typescript": "^3.9.7"
    }
  }

yarn manifest: 
  No manifest

Lockfile: 
  # THIS IS AN AUTOGENERATED FILE. DO NOT EDIT THIS FILE DIRECTLY.
  # yarn lockfile v1
  
  
  typescript@^3.9.7:
    version "3.9.7"
    resolved "https://registry.npm.taobao.org/typescript/download/typescript-3.9.7.tgz?cache=0&sync_timestamp=1597733582281&other_urls=https%3A%2F%2Fregistry.npm.taobao.org%2Ftypescript%2Fdownload%2Ftypescript-3.9.7.tgz#98d600a5ebdc38f40cb277522f12dc800e9e25fa"
    integrity sha1-mNYApevcOPQMsndSLxLcgA6eJfo=
